{
  "RSpec": {
    "coverage": {
      "/mnt/d/School/Fall 2020/SELT/Team5/Team5_SELT2020/spec/controllers/room_controller_spec.rb": {
        "lines": [
          1,
          1,
          null,
          1,
          1,
          1,
          1,
          1,
          1,
          null,
          1,
          1,
          1,
          1,
          null,
          1,
          1,
          1,
          1,
          1,
          null,
          null,
          null
        ]
      },
      "/mnt/d/School/Fall 2020/SELT/Team5/Team5_SELT2020/spec/rails_helper.rb": {
        "lines": [
          null,
          1,
          1,
          1,
          null,
          1,
          1,
          null,
          null,
          null,
          null,
          null,
          null,
          null,
          null,
          null,
          null,
          null,
          null,
          null,
          null,
          null,
          null,
          null,
          null,
          null,
          null,
          1,
          null,
          0,
          0,
          null,
          1,
          null,
          1,
          null,
          null,
          null,
          null,
          1,
          null,
          null,
          null,
          null,
          null,
          null,
          null,
          null,
          null,
          null,
          null,
          null,
          null,
          null,
          null,
          null,
          null,
          1,
          null,
          null,
          1,
          null,
          null,
          null
        ]
      },
      "/mnt/d/School/Fall 2020/SELT/Team5/Team5_SELT2020/config/environment.rb": {
        "lines": [
          null,
          1,
          null,
          null,
          1
        ]
      },
      "/mnt/d/School/Fall 2020/SELT/Team5/Team5_SELT2020/config/application.rb": {
        "lines": [
          1,
          null,
          1,
          null,
          null,
          null,
          1,
          null,
          1,
          1,
          null,
          1,
          null,
          null,
          null,
          null,
          null,
          null,
          null
        ]
      },
      "/mnt/d/School/Fall 2020/SELT/Team5/Team5_SELT2020/config/boot.rb": {
        "lines": [
          1,
          null,
          1,
          1
        ]
      },
      "/mnt/d/School/Fall 2020/SELT/Team5/Team5_SELT2020/config/environments/test.rb": {
        "lines": [
          1,
          null,
          null,
          null,
          null,
          null,
          null,
          1,
          null,
          null,
          null,
          null,
          1,
          null,
          null,
          1,
          1,
          null,
          null,
          null,
          null,
          1,
          1,
          null,
          null,
          1,
          null,
          null,
          1,
          null,
          null,
          1,
          null,
          1,
          null,
          null,
          null,
          null,
          1,
          null,
          null,
          1,
          null,
          null,
          null,
          null
        ]
      },
      "/mnt/d/School/Fall 2020/SELT/Team5/Team5_SELT2020/config/initializers/application_controller_renderer.rb": {
        "lines": [
          null,
          null,
          null,
          null,
          null,
          null,
          null,
          null
        ]
      },
      "/mnt/d/School/Fall 2020/SELT/Team5/Team5_SELT2020/config/initializers/assets.rb": {
        "lines": [
          null,
          null,
          null,
          1,
          null,
          null,
          null,
          null,
          1,
          null,
          null,
          null,
          null,
          null
        ]
      },
      "/mnt/d/School/Fall 2020/SELT/Team5/Team5_SELT2020/config/initializers/backtrace_silencers.rb": {
        "lines": [
          null,
          null,
          null,
          null,
          null,
          null,
          null
        ]
      },
      "/mnt/d/School/Fall 2020/SELT/Team5/Team5_SELT2020/config/initializers/content_security_policy.rb": {
        "lines": [
          null,
          null,
          null,
          null,
          null,
          null,
          null,
          null,
          null,
          null,
          null,
          null,
          null,
          null,
          null,
          null,
          null,
          null,
          null,
          null,
          null,
          null,
          null,
          null,
          null
        ]
      },
      "/mnt/d/School/Fall 2020/SELT/Team5/Team5_SELT2020/config/initializers/cookies_serializer.rb": {
        "lines": [
          null,
          null,
          null,
          null,
          1
        ]
      },
      "/mnt/d/School/Fall 2020/SELT/Team5/Team5_SELT2020/config/initializers/filter_parameter_logging.rb": {
        "lines": [
          null,
          null,
          null,
          1
        ]
      },
      "/mnt/d/School/Fall 2020/SELT/Team5/Team5_SELT2020/config/initializers/inflections.rb": {
        "lines": [
          null,
          null,
          null,
          null,
          null,
          null,
          null,
          null,
          null,
          null,
          null,
          null,
          null,
          null,
          null,
          null
        ]
      },
      "/mnt/d/School/Fall 2020/SELT/Team5/Team5_SELT2020/config/initializers/mime_types.rb": {
        "lines": [
          null,
          null,
          null,
          null
        ]
      },
      "/mnt/d/School/Fall 2020/SELT/Team5/Team5_SELT2020/config/initializers/wrap_parameters.rb": {
        "lines": [
          null,
          null,
          null,
          null,
          null,
          null,
          1,
          2,
          null,
          null,
          null,
          null,
          null,
          null
        ]
      },
      "/mnt/d/School/Fall 2020/SELT/Team5/Team5_SELT2020/config/routes.rb": {
        "lines": [
          1,
          null,
          1,
          1,
          null
        ]
      },
      "/mnt/d/School/Fall 2020/SELT/Team5/Team5_SELT2020/app/helpers/application_helper.rb": {
        "lines": [
          1,
          null
        ]
      },
      "/mnt/d/School/Fall 2020/SELT/Team5/Team5_SELT2020/app/controllers/room_controller.rb": {
        "lines": [
          1,
          null,
          1,
          null,
          1,
          null,
          null,
          null,
          1,
          3,
          3,
          3,
          null,
          null,
          1,
          null,
          null,
          null,
          null
        ]
      },
      "/mnt/d/School/Fall 2020/SELT/Team5/Team5_SELT2020/app/controllers/application_controller.rb": {
        "lines": [
          1,
          null
        ]
      },
      "/mnt/d/School/Fall 2020/SELT/Team5/Team5_SELT2020/app/models/room.rb": {
        "lines": [
          1,
          null,
          null
        ]
      }
    },
    "timestamp": 1604601699
  }
}
